INFO  12:08:27 Now listening on: https://localhost:5001
INFO  12:08:27 Now listening on: https://localhost:5001
INFO  12:08:27 Now listening on: http://localhost:5000
INFO  12:08:27 Now listening on: http://localhost:5000
INFO  12:08:27 Application started. Press Ctrl+C to shut down.
INFO  12:08:27 Application started. Press Ctrl+C to shut down.
INFO  12:08:27 Hosting environment: Development
INFO  12:08:27 Hosting environment: Development
INFO  12:08:27 Content root path: D:\Cognizant\CDE\Project\CollateralManagement\CollateralManagement
INFO  12:08:27 Content root path: D:\Cognizant\CDE\Project\CollateralManagement\CollateralManagement
INFO  12:19:35 Now listening on: https://localhost:5001
INFO  12:19:35 Now listening on: https://localhost:5001
INFO  12:19:35 Now listening on: http://localhost:5000
INFO  12:19:35 Now listening on: http://localhost:5000
INFO  12:19:36 Application started. Press Ctrl+C to shut down.
INFO  12:19:36 Application started. Press Ctrl+C to shut down.
INFO  12:19:36 Hosting environment: Development
INFO  12:19:36 Hosting environment: Development
INFO  12:19:36 Content root path: D:\Cognizant\CDE\Project\CollateralManagement\CollateralManagement
INFO  12:19:36 Content root path: D:\Cognizant\CDE\Project\CollateralManagement\CollateralManagement
INFO  12:20:21 CashDeposit Get method is called
INFO  12:20:42 CashDeposit Get method is called
INFO  12:21:19 CashDeposit Get method is called
INFO  12:21:36 CashDeposit Get method is called
INFO  12:25:40 Now listening on: https://localhost:5001
INFO  12:25:40 Now listening on: https://localhost:5001
INFO  12:25:40 Now listening on: http://localhost:5000
INFO  12:25:40 Now listening on: http://localhost:5000
INFO  12:25:40 Application started. Press Ctrl+C to shut down.
INFO  12:25:40 Application started. Press Ctrl+C to shut down.
INFO  12:25:40 Hosting environment: Development
INFO  12:25:40 Hosting environment: Development
INFO  12:25:40 Content root path: D:\Cognizant\CDE\Project\CollateralManagement\CollateralManagement
INFO  12:25:40 Content root path: D:\Cognizant\CDE\Project\CollateralManagement\CollateralManagement
ERROR 12:25:49 Check input data to call a method
INFO  01:41:36 Now listening on: https://localhost:5001
INFO  01:41:36 Now listening on: https://localhost:5001
INFO  01:41:36 Now listening on: http://localhost:5000
INFO  01:41:36 Now listening on: http://localhost:5000
INFO  01:41:36 Application started. Press Ctrl+C to shut down.
INFO  01:41:36 Application started. Press Ctrl+C to shut down.
INFO  01:41:36 Hosting environment: Development
INFO  01:41:36 Hosting environment: Development
INFO  01:41:36 Content root path: D:\Cognizant\CDE\Project\CollateralManagement\CollateralManagement
INFO  01:41:36 Content root path: D:\Cognizant\CDE\Project\CollateralManagement\CollateralManagement
INFO  02:19:44 Now listening on: https://localhost:5001
INFO  02:19:44 Now listening on: https://localhost:5001
INFO  02:19:44 Now listening on: http://localhost:5000
INFO  02:19:44 Now listening on: http://localhost:5000
INFO  02:19:44 Application started. Press Ctrl+C to shut down.
INFO  02:19:44 Application started. Press Ctrl+C to shut down.
INFO  02:19:44 Hosting environment: Development
INFO  02:19:44 Hosting environment: Development
INFO  02:19:44 Content root path: D:\Cognizant\CDE\Project\CollateralManagement\CollateralManagement
INFO  02:19:44 Content root path: D:\Cognizant\CDE\Project\CollateralManagement\CollateralManagement
INFO  02:21:18 Collateral CashDeposit Post Method Called
INFO  02:21:30 Collateral CashDeposit Post Method Called
